<?xml version="1.0" encoding="UTF-8"?>
<!-- Generated by org.testng.reporters.JUnitReportReporter -->
<testsuite hostname="Mehedi-PC" name="com.farmilio.Farmilio_Regression" tests="8" failures="0" timestamp="12 Mar 2015 04:15:29 GMT" time="68.126" errors="0">
  <testcase name="verifyValidLogin" time="6.836" classname="com.farmilio.Farmilio_Regression"/>
  <testcase name="verifyMyOffers" time="7.328" classname="com.farmilio.Farmilio_Regression"/>
  <testcase name="verifyAdvancedSearch" time="18.970" classname="com.farmilio.Farmilio_Regression"/>
  <testcase name="verifyRegistration" time="9.037" classname="com.farmilio.Farmilio_Regression"/>
  <testcase name="verifyBlankLogin" time="6.248" classname="com.farmilio.Farmilio_Regression"/>
  <testcase name="verifyInvalidLogin" time="6.620" classname="com.farmilio.Farmilio_Regression"/>
  <testcase name="verifyShareFarmilio" time="8.724" classname="com.farmilio.Farmilio_Regression"/>
  <testcase name="verifyQuickSearch" time="4.363" classname="com.farmilio.Farmilio_Regression"/>
</testsuite> <!-- com.farmilio.Farmilio_Regression -->
