<?xml version="1.0" encoding="UTF-8"?>
<!-- Generated by org.testng.reporters.JUnitReportReporter -->
<testsuite hostname="Mehedi-PC" name="com.farmilio.Farmilio_Regression" tests="8" failures="0" timestamp="24 Mar 2015 10:35:16 GMT" time="70.451" errors="0">
  <testcase name="verifyShareFarmilio" time="9.969" classname="com.farmilio.Farmilio_Regression"/>
  <testcase name="verifyValidLogin" time="8.470" classname="com.farmilio.Farmilio_Regression"/>
  <testcase name="verifyMyOffers" time="9.128" classname="com.farmilio.Farmilio_Regression"/>
  <testcase name="verifyRegistration" time="8.580" classname="com.farmilio.Farmilio_Regression"/>
  <testcase name="verifyBlankLogin" time="7.404" classname="com.farmilio.Farmilio_Regression"/>
  <testcase name="verifyInvalidLogin" time="5.249" classname="com.farmilio.Farmilio_Regression"/>
  <testcase name="verifyAdvancedSearch" time="15.995" classname="com.farmilio.Farmilio_Regression"/>
  <testcase name="verifyQuickSearch" time="5.656" classname="com.farmilio.Farmilio_Regression"/>
</testsuite> <!-- com.farmilio.Farmilio_Regression -->
